Terminals unused in grammar

    ARROW
    RESERVED


Grammar

    0 $accept: Program $end

    1 Program: CLASS IDENTIFIER LBRACE ProgramElements RBRACE

    2 ProgramElements: ε
    3                | ProgramElements MethodDecl
    4                | ProgramElements FieldDecl
    5                | ProgramElements SEMICOLON

    6 MethodDecl: PUBLIC STATIC MethodHeader MethodBody

    7 FieldDecl: PUBLIC STATIC Type IDENTIFIER IdList SEMICOLON
    8          | error SEMICOLON

    9 VarDecl: Type IDENTIFIER IdList SEMICOLON

   10 IdList: ε
   11       | IdList COMMA IDENTIFIER

   12 Type: BOOL
   13     | INT
   14     | DOUBLE

   15 MethodHeader: Type IDENTIFIER LPAR OptFormalParams RPAR
   16             | VOID IDENTIFIER LPAR OptFormalParams RPAR

   17 OptFormalParams: ε
   18                | FormalParams

   19 FormalParams: Type IDENTIFIER FormalParamsRest
   20             | STRING LSQ RSQ IDENTIFIER

   21 FormalParamsRest: ε
   22                 | FormalParamsRest COMMA Type IDENTIFIER

   23 MethodBody: LBRACE StatementAndVarDeclList RBRACE

   24 StatementAndVarDeclList: ε
   25                        | StatementAndVarDeclList Statement
   26                        | StatementAndVarDeclList VarDecl

   27 StatementList: ε
   28              | StatementList Statement

   29 Statement: LBRACE StatementList RBRACE
   30          | IF LPAR Expr RPAR Statement
   31          | IF LPAR Expr RPAR Statement ELSE Statement
   32          | WHILE LPAR Expr RPAR Statement
   33          | RETURN OptExpr SEMICOLON
   34          | MethodInvocation SEMICOLON
   35          | Assignment SEMICOLON
   36          | ParseArgs SEMICOLON
   37          | PRINT LPAR ExprOrStrlit RPAR SEMICOLON
   38          | error SEMICOLON
   39          | SEMICOLON

   40 OptExpr: ε
   41        | Expr

   42 ExprOrStrlit: Expr
   43             | STRLIT

   44 MethodInvocation: IDENTIFIER LPAR OptExprList RPAR
   45                 | IDENTIFIER LPAR error RPAR

   46 OptExprList: ε
   47            | ExprList

   48 ExprList: Expr
   49         | ExprList COMMA Expr

   50 $@1: ε

   51 Assignment: Expr ASSIGN $@1 Expr

   52 ParseArgs: PARSEINT LPAR IDENTIFIER LSQ Expr RSQ RPAR
   53          | PARSEINT LPAR error RPAR

   54 Expr: Expr PLUS Expr
   55     | Expr MINUS Expr
   56     | Expr STAR Expr
   57     | Expr DIV Expr
   58     | Expr MOD Expr
   59     | Expr AND Expr
   60     | Expr OR Expr
   61     | Expr XOR Expr
   62     | Expr LSHIFT Expr
   63     | Expr RSHIFT Expr
   64     | Expr EQ Expr
   65     | Expr GE Expr
   66     | Expr GT Expr
   67     | Expr LE Expr
   68     | Expr LT Expr
   69     | Expr NE Expr
   70     | MINUS Expr
   71     | PLUS Expr
   72     | NOT Expr
   73     | LPAR Expr RPAR
   74     | LPAR error RPAR
   75     | MethodInvocation
   76     | Assignment
   77     | ParseArgs
   78     | IDENTIFIER OptDotLength
   79     | NATURAL
   80     | DECIMAL
   81     | BOOLLIT

   82 OptDotLength: ε
   83             | DOTLENGTH


Terminals, with rules where they appear

    $end (0) 0
    error (256) 8 38 45 53 74
    BOOL (258) 12
    CLASS (259) 1
    DOTLENGTH (260) 83
    DOUBLE (261) 14
    ELSE (262) 31
    IF (263) 30 31
    INT (264) 13
    PRINT (265) 37
    PARSEINT (266) 52 53
    PUBLIC (267) 6 7
    RETURN (268) 33
    STATIC (269) 6 7
    STRING (270) 20
    VOID (271) 16
    WHILE (272) 32
    AND (273) 59
    ASSIGN (274) 51
    STAR (275) 56
    COMMA (276) 11 22 49
    DIV (277) 57
    EQ (278) 64
    GE (279) 65
    GT (280) 66
    LBRACE (281) 1 23 29
    LE (282) 67
    LPAR (283) 15 16 30 31 32 37 44 45 52 53 73 74
    LSQ (284) 20 52
    LT (285) 68
    MINUS (286) 55 70
    MOD (287) 58
    NE (288) 69
    NOT (289) 72
    OR (290) 60
    PLUS (291) 54 71
    RBRACE (292) 1 23 29
    RPAR (293) 15 16 30 31 32 37 44 45 52 53 73 74
    RSQ (294) 20 52
    SEMICOLON (295) 5 7 8 9 33 34 35 36 37 38 39
    ARROW (296)
    LSHIFT (297) 62
    RSHIFT (298) 63
    XOR (299) 61
    IDENTIFIER <str> (300) 1 7 9 11 15 16 19 20 22 44 45 52 78
    NATURAL <str> (301) 79
    DECIMAL <str> (302) 80
    STRLIT <str> (303) 43
    BOOLLIT <str> (304) 81
    RESERVED <str> (305)
    IF_WITHOUT_ELSE (306)
    UNARY_PLUS (307)
    UNARY_MINUS (308)


Nonterminals, with rules where they appear

    $accept (54)
        on left: 0
    Program <node> (55)
        on left: 1
        on right: 0
    ProgramElements <node> (56)
        on left: 2 3 4 5
        on right: 1 3 4 5
    MethodDecl <node> (57)
        on left: 6
        on right: 3
    FieldDecl <node> (58)
        on left: 7 8
        on right: 4
    VarDecl <node> (59)
        on left: 9
        on right: 26
    IdList <node> (60)
        on left: 10 11
        on right: 7 9 11
    Type <node> (61)
        on left: 12 13 14
        on right: 7 9 15 19 22
    MethodHeader <node> (62)
        on left: 15 16
        on right: 6
    OptFormalParams <node> (63)
        on left: 17 18
        on right: 15 16
    FormalParams <node> (64)
        on left: 19 20
        on right: 18
    FormalParamsRest <node> (65)
        on left: 21 22
        on right: 19 22
    MethodBody <node> (66)
        on left: 23
        on right: 6
    StatementAndVarDeclList <node> (67)
        on left: 24 25 26
        on right: 23 25 26
    StatementList <node> (68)
        on left: 27 28
        on right: 28 29
    Statement <node> (69)
        on left: 29 30 31 32 33 34 35 36 37 38 39
        on right: 25 28 30 31 32
    OptExpr <node> (70)
        on left: 40 41
        on right: 33
    ExprOrStrlit <node> (71)
        on left: 42 43
        on right: 37
    MethodInvocation <node> (72)
        on left: 44 45
        on right: 34 75
    OptExprList <node> (73)
        on left: 46 47
        on right: 44
    ExprList <node> (74)
        on left: 48 49
        on right: 47 49
    Assignment <node> (75)
        on left: 51
        on right: 35 76
    $@1 (76)
        on left: 50
        on right: 51
    ParseArgs <node> (77)
        on left: 52 53
        on right: 36 77
    Expr <node> (78)
        on left: 54 55 56 57 58 59 60 61 62 63 64 65 66 67 68 69 70 71 72 73 74 75 76 77 78 79 80 81
        on right: 30 31 32 41 42 48 49 51 52 54 55 56 57 58 59 60 61 62 63 64 65 66 67 68 69 70 71 72 73
    OptDotLength <node> (79)
        on left: 82 83
        on right: 78


State 0

    0 $accept: • Program $end

    CLASS  shift, and go to state 1

    Program  go to state 2


State 1

    1 Program: CLASS • IDENTIFIER LBRACE ProgramElements RBRACE

    IDENTIFIER  shift, and go to state 3


State 2

    0 $accept: Program • $end

    $end  shift, and go to state 4


State 3

    1 Program: CLASS IDENTIFIER • LBRACE ProgramElements RBRACE

    LBRACE  shift, and go to state 5


State 4

    0 $accept: Program $end •

    $default  accept


State 5

    1 Program: CLASS IDENTIFIER LBRACE • ProgramElements RBRACE

    $default  reduce using rule 2 (ProgramElements)

    ProgramElements  go to state 6


State 6

    1 Program: CLASS IDENTIFIER LBRACE ProgramElements • RBRACE
    3 ProgramElements: ProgramElements • MethodDecl
    4                | ProgramElements • FieldDecl
    5                | ProgramElements • SEMICOLON

    error      shift, and go to state 7
    PUBLIC     shift, and go to state 8
    RBRACE     shift, and go to state 9
    SEMICOLON  shift, and go to state 10

    MethodDecl  go to state 11
    FieldDecl   go to state 12


State 7

    8 FieldDecl: error • SEMICOLON

    SEMICOLON  shift, and go to state 13


State 8

    6 MethodDecl: PUBLIC • STATIC MethodHeader MethodBody
    7 FieldDecl: PUBLIC • STATIC Type IDENTIFIER IdList SEMICOLON

    STATIC  shift, and go to state 14


State 9

    1 Program: CLASS IDENTIFIER LBRACE ProgramElements RBRACE •

    $default  reduce using rule 1 (Program)


State 10

    5 ProgramElements: ProgramElements SEMICOLON •

    $default  reduce using rule 5 (ProgramElements)


State 11

    3 ProgramElements: ProgramElements MethodDecl •

    $default  reduce using rule 3 (ProgramElements)


State 12

    4 ProgramElements: ProgramElements FieldDecl •

    $default  reduce using rule 4 (ProgramElements)


State 13

    8 FieldDecl: error SEMICOLON •

    $default  reduce using rule 8 (FieldDecl)


State 14

    6 MethodDecl: PUBLIC STATIC • MethodHeader MethodBody
    7 FieldDecl: PUBLIC STATIC • Type IDENTIFIER IdList SEMICOLON

    BOOL    shift, and go to state 15
    DOUBLE  shift, and go to state 16
    INT     shift, and go to state 17
    VOID    shift, and go to state 18

    Type          go to state 19
    MethodHeader  go to state 20


State 15

   12 Type: BOOL •

    $default  reduce using rule 12 (Type)


State 16

   14 Type: DOUBLE •

    $default  reduce using rule 14 (Type)


State 17

   13 Type: INT •

    $default  reduce using rule 13 (Type)


State 18

   16 MethodHeader: VOID • IDENTIFIER LPAR OptFormalParams RPAR

    IDENTIFIER  shift, and go to state 21


State 19

    7 FieldDecl: PUBLIC STATIC Type • IDENTIFIER IdList SEMICOLON
   15 MethodHeader: Type • IDENTIFIER LPAR OptFormalParams RPAR

    IDENTIFIER  shift, and go to state 22


State 20

    6 MethodDecl: PUBLIC STATIC MethodHeader • MethodBody

    LBRACE  shift, and go to state 23

    MethodBody  go to state 24


State 21

   16 MethodHeader: VOID IDENTIFIER • LPAR OptFormalParams RPAR

    LPAR  shift, and go to state 25


State 22

    7 FieldDecl: PUBLIC STATIC Type IDENTIFIER • IdList SEMICOLON
   15 MethodHeader: Type IDENTIFIER • LPAR OptFormalParams RPAR

    LPAR  shift, and go to state 26

    $default  reduce using rule 10 (IdList)

    IdList  go to state 27


State 23

   23 MethodBody: LBRACE • StatementAndVarDeclList RBRACE

    $default  reduce using rule 24 (StatementAndVarDeclList)

    StatementAndVarDeclList  go to state 28


State 24

    6 MethodDecl: PUBLIC STATIC MethodHeader MethodBody •

    $default  reduce using rule 6 (MethodDecl)


State 25

   16 MethodHeader: VOID IDENTIFIER LPAR • OptFormalParams RPAR

    BOOL    shift, and go to state 15
    DOUBLE  shift, and go to state 16
    INT     shift, and go to state 17
    STRING  shift, and go to state 29

    $default  reduce using rule 17 (OptFormalParams)

    Type             go to state 30
    OptFormalParams  go to state 31
    FormalParams     go to state 32


State 26

   15 MethodHeader: Type IDENTIFIER LPAR • OptFormalParams RPAR

    BOOL    shift, and go to state 15
    DOUBLE  shift, and go to state 16
    INT     shift, and go to state 17
    STRING  shift, and go to state 29

    $default  reduce using rule 17 (OptFormalParams)

    Type             go to state 30
    OptFormalParams  go to state 33
    FormalParams     go to state 32


State 27

    7 FieldDecl: PUBLIC STATIC Type IDENTIFIER IdList • SEMICOLON
   11 IdList: IdList • COMMA IDENTIFIER

    COMMA      shift, and go to state 34
    SEMICOLON  shift, and go to state 35


State 28

   23 MethodBody: LBRACE StatementAndVarDeclList • RBRACE
   25 StatementAndVarDeclList: StatementAndVarDeclList • Statement
   26                        | StatementAndVarDeclList • VarDecl

    error       shift, and go to state 36
    BOOL        shift, and go to state 15
    DOUBLE      shift, and go to state 16
    IF          shift, and go to state 37
    INT         shift, and go to state 17
    PRINT       shift, and go to state 38
    PARSEINT    shift, and go to state 39
    RETURN      shift, and go to state 40
    WHILE       shift, and go to state 41
    LBRACE      shift, and go to state 42
    LPAR        shift, and go to state 43
    MINUS       shift, and go to state 44
    NOT         shift, and go to state 45
    PLUS        shift, and go to state 46
    RBRACE      shift, and go to state 47
    SEMICOLON   shift, and go to state 48
    IDENTIFIER  shift, and go to state 49
    NATURAL     shift, and go to state 50
    DECIMAL     shift, and go to state 51
    BOOLLIT     shift, and go to state 52

    VarDecl           go to state 53
    Type              go to state 54
    Statement         go to state 55
    MethodInvocation  go to state 56
    Assignment        go to state 57
    ParseArgs         go to state 58
    Expr              go to state 59


State 29

   20 FormalParams: STRING • LSQ RSQ IDENTIFIER

    LSQ  shift, and go to state 60


State 30

   19 FormalParams: Type • IDENTIFIER FormalParamsRest

    IDENTIFIER  shift, and go to state 61


State 31

   16 MethodHeader: VOID IDENTIFIER LPAR OptFormalParams • RPAR

    RPAR  shift, and go to state 62


State 32

   18 OptFormalParams: FormalParams •

    $default  reduce using rule 18 (OptFormalParams)


State 33

   15 MethodHeader: Type IDENTIFIER LPAR OptFormalParams • RPAR

    RPAR  shift, and go to state 63


State 34

   11 IdList: IdList COMMA • IDENTIFIER

    IDENTIFIER  shift, and go to state 64


State 35

    7 FieldDecl: PUBLIC STATIC Type IDENTIFIER IdList SEMICOLON •

    $default  reduce using rule 7 (FieldDecl)


State 36

   38 Statement: error • SEMICOLON

    SEMICOLON  shift, and go to state 65


State 37

   30 Statement: IF • LPAR Expr RPAR Statement
   31          | IF • LPAR Expr RPAR Statement ELSE Statement

    LPAR  shift, and go to state 66


State 38

   37 Statement: PRINT • LPAR ExprOrStrlit RPAR SEMICOLON

    LPAR  shift, and go to state 67


State 39

   52 ParseArgs: PARSEINT • LPAR IDENTIFIER LSQ Expr RSQ RPAR
   53          | PARSEINT • LPAR error RPAR

    LPAR  shift, and go to state 68


State 40

   33 Statement: RETURN • OptExpr SEMICOLON

    PARSEINT    shift, and go to state 39
    LPAR        shift, and go to state 43
    MINUS       shift, and go to state 44
    NOT         shift, and go to state 45
    PLUS        shift, and go to state 46
    IDENTIFIER  shift, and go to state 49
    NATURAL     shift, and go to state 50
    DECIMAL     shift, and go to state 51
    BOOLLIT     shift, and go to state 52

    $default  reduce using rule 40 (OptExpr)

    OptExpr           go to state 69
    MethodInvocation  go to state 70
    Assignment        go to state 71
    ParseArgs         go to state 72
    Expr              go to state 73


State 41

   32 Statement: WHILE • LPAR Expr RPAR Statement

    LPAR  shift, and go to state 74


State 42

   29 Statement: LBRACE • StatementList RBRACE

    $default  reduce using rule 27 (StatementList)

    StatementList  go to state 75


State 43

   73 Expr: LPAR • Expr RPAR
   74     | LPAR • error RPAR

    error       shift, and go to state 76
    PARSEINT    shift, and go to state 39
    LPAR        shift, and go to state 43
    MINUS       shift, and go to state 44
    NOT         shift, and go to state 45
    PLUS        shift, and go to state 46
    IDENTIFIER  shift, and go to state 49
    NATURAL     shift, and go to state 50
    DECIMAL     shift, and go to state 51
    BOOLLIT     shift, and go to state 52

    MethodInvocation  go to state 70
    Assignment        go to state 71
    ParseArgs         go to state 72
    Expr              go to state 77


State 44

   70 Expr: MINUS • Expr

    PARSEINT    shift, and go to state 39
    LPAR        shift, and go to state 43
    MINUS       shift, and go to state 44
    NOT         shift, and go to state 45
    PLUS        shift, and go to state 46
    IDENTIFIER  shift, and go to state 49
    NATURAL     shift, and go to state 50
    DECIMAL     shift, and go to state 51
    BOOLLIT     shift, and go to state 52

    MethodInvocation  go to state 70
    Assignment        go to state 71
    ParseArgs         go to state 72
    Expr              go to state 78


State 45

   72 Expr: NOT • Expr

    PARSEINT    shift, and go to state 39
    LPAR        shift, and go to state 43
    MINUS       shift, and go to state 44
    NOT         shift, and go to state 45
    PLUS        shift, and go to state 46
    IDENTIFIER  shift, and go to state 49
    NATURAL     shift, and go to state 50
    DECIMAL     shift, and go to state 51
    BOOLLIT     shift, and go to state 52

    MethodInvocation  go to state 70
    Assignment        go to state 71
    ParseArgs         go to state 72
    Expr              go to state 79


State 46

   71 Expr: PLUS • Expr

    PARSEINT    shift, and go to state 39
    LPAR        shift, and go to state 43
    MINUS       shift, and go to state 44
    NOT         shift, and go to state 45
    PLUS        shift, and go to state 46
    IDENTIFIER  shift, and go to state 49
    NATURAL     shift, and go to state 50
    DECIMAL     shift, and go to state 51
    BOOLLIT     shift, and go to state 52

    MethodInvocation  go to state 70
    Assignment        go to state 71
    ParseArgs         go to state 72
    Expr              go to state 80


State 47

   23 MethodBody: LBRACE StatementAndVarDeclList RBRACE •

    $default  reduce using rule 23 (MethodBody)


State 48

   39 Statement: SEMICOLON •

    $default  reduce using rule 39 (Statement)


State 49

   44 MethodInvocation: IDENTIFIER • LPAR OptExprList RPAR
   45                 | IDENTIFIER • LPAR error RPAR
   78 Expr: IDENTIFIER • OptDotLength

    DOTLENGTH  shift, and go to state 81
    LPAR       shift, and go to state 82

    $default  reduce using rule 82 (OptDotLength)

    OptDotLength  go to state 83


State 50

   79 Expr: NATURAL •

    $default  reduce using rule 79 (Expr)


State 51

   80 Expr: DECIMAL •

    $default  reduce using rule 80 (Expr)


State 52

   81 Expr: BOOLLIT •

    $default  reduce using rule 81 (Expr)


State 53

   26 StatementAndVarDeclList: StatementAndVarDeclList VarDecl •

    $default  reduce using rule 26 (StatementAndVarDeclList)


State 54

    9 VarDecl: Type • IDENTIFIER IdList SEMICOLON

    IDENTIFIER  shift, and go to state 84


State 55

   25 StatementAndVarDeclList: StatementAndVarDeclList Statement •

    $default  reduce using rule 25 (StatementAndVarDeclList)


State 56

   34 Statement: MethodInvocation • SEMICOLON
   75 Expr: MethodInvocation •

    SEMICOLON  shift, and go to state 85

    $default  reduce using rule 75 (Expr)


State 57

   35 Statement: Assignment • SEMICOLON
   76 Expr: Assignment •

    SEMICOLON  shift, and go to state 86

    $default  reduce using rule 76 (Expr)


State 58

   36 Statement: ParseArgs • SEMICOLON
   77 Expr: ParseArgs •

    SEMICOLON  shift, and go to state 87

    $default  reduce using rule 77 (Expr)


State 59

   51 Assignment: Expr • ASSIGN $@1 Expr
   54 Expr: Expr • PLUS Expr
   55     | Expr • MINUS Expr
   56     | Expr • STAR Expr
   57     | Expr • DIV Expr
   58     | Expr • MOD Expr
   59     | Expr • AND Expr
   60     | Expr • OR Expr
   61     | Expr • XOR Expr
   62     | Expr • LSHIFT Expr
   63     | Expr • RSHIFT Expr
   64     | Expr • EQ Expr
   65     | Expr • GE Expr
   66     | Expr • GT Expr
   67     | Expr • LE Expr
   68     | Expr • LT Expr
   69     | Expr • NE Expr

    AND     shift, and go to state 88
    ASSIGN  shift, and go to state 89
    STAR    shift, and go to state 90
    DIV     shift, and go to state 91
    EQ      shift, and go to state 92
    GE      shift, and go to state 93
    GT      shift, and go to state 94
    LE      shift, and go to state 95
    LT      shift, and go to state 96
    MINUS   shift, and go to state 97
    MOD     shift, and go to state 98
    NE      shift, and go to state 99
    OR      shift, and go to state 100
    PLUS    shift, and go to state 101
    LSHIFT  shift, and go to state 102
    RSHIFT  shift, and go to state 103
    XOR     shift, and go to state 104


State 60

   20 FormalParams: STRING LSQ • RSQ IDENTIFIER

    RSQ  shift, and go to state 105


State 61

   19 FormalParams: Type IDENTIFIER • FormalParamsRest

    $default  reduce using rule 21 (FormalParamsRest)

    FormalParamsRest  go to state 106


State 62

   16 MethodHeader: VOID IDENTIFIER LPAR OptFormalParams RPAR •

    $default  reduce using rule 16 (MethodHeader)


State 63

   15 MethodHeader: Type IDENTIFIER LPAR OptFormalParams RPAR •

    $default  reduce using rule 15 (MethodHeader)


State 64

   11 IdList: IdList COMMA IDENTIFIER •

    $default  reduce using rule 11 (IdList)


State 65

   38 Statement: error SEMICOLON •

    $default  reduce using rule 38 (Statement)


State 66

   30 Statement: IF LPAR • Expr RPAR Statement
   31          | IF LPAR • Expr RPAR Statement ELSE Statement

    PARSEINT    shift, and go to state 39
    LPAR        shift, and go to state 43
    MINUS       shift, and go to state 44
    NOT         shift, and go to state 45
    PLUS        shift, and go to state 46
    IDENTIFIER  shift, and go to state 49
    NATURAL     shift, and go to state 50
    DECIMAL     shift, and go to state 51
    BOOLLIT     shift, and go to state 52

    MethodInvocation  go to state 70
    Assignment        go to state 71
    ParseArgs         go to state 72
    Expr              go to state 107


State 67

   37 Statement: PRINT LPAR • ExprOrStrlit RPAR SEMICOLON

    PARSEINT    shift, and go to state 39
    LPAR        shift, and go to state 43
    MINUS       shift, and go to state 44
    NOT         shift, and go to state 45
    PLUS        shift, and go to state 46
    IDENTIFIER  shift, and go to state 49
    NATURAL     shift, and go to state 50
    DECIMAL     shift, and go to state 51
    STRLIT      shift, and go to state 108
    BOOLLIT     shift, and go to state 52

    ExprOrStrlit      go to state 109
    MethodInvocation  go to state 70
    Assignment        go to state 71
    ParseArgs         go to state 72
    Expr              go to state 110


State 68

   52 ParseArgs: PARSEINT LPAR • IDENTIFIER LSQ Expr RSQ RPAR
   53          | PARSEINT LPAR • error RPAR

    error       shift, and go to state 111
    IDENTIFIER  shift, and go to state 112


State 69

   33 Statement: RETURN OptExpr • SEMICOLON

    SEMICOLON  shift, and go to state 113


State 70

   75 Expr: MethodInvocation •

    $default  reduce using rule 75 (Expr)


State 71

   76 Expr: Assignment •

    $default  reduce using rule 76 (Expr)


State 72

   77 Expr: ParseArgs •

    $default  reduce using rule 77 (Expr)


State 73

   41 OptExpr: Expr •
   51 Assignment: Expr • ASSIGN $@1 Expr
   54 Expr: Expr • PLUS Expr
   55     | Expr • MINUS Expr
   56     | Expr • STAR Expr
   57     | Expr • DIV Expr
   58     | Expr • MOD Expr
   59     | Expr • AND Expr
   60     | Expr • OR Expr
   61     | Expr • XOR Expr
   62     | Expr • LSHIFT Expr
   63     | Expr • RSHIFT Expr
   64     | Expr • EQ Expr
   65     | Expr • GE Expr
   66     | Expr • GT Expr
   67     | Expr • LE Expr
   68     | Expr • LT Expr
   69     | Expr • NE Expr

    AND     shift, and go to state 88
    ASSIGN  shift, and go to state 89
    STAR    shift, and go to state 90
    DIV     shift, and go to state 91
    EQ      shift, and go to state 92
    GE      shift, and go to state 93
    GT      shift, and go to state 94
    LE      shift, and go to state 95
    LT      shift, and go to state 96
    MINUS   shift, and go to state 97
    MOD     shift, and go to state 98
    NE      shift, and go to state 99
    OR      shift, and go to state 100
    PLUS    shift, and go to state 101
    LSHIFT  shift, and go to state 102
    RSHIFT  shift, and go to state 103
    XOR     shift, and go to state 104

    $default  reduce using rule 41 (OptExpr)


State 74

   32 Statement: WHILE LPAR • Expr RPAR Statement

    PARSEINT    shift, and go to state 39
    LPAR        shift, and go to state 43
    MINUS       shift, and go to state 44
    NOT         shift, and go to state 45
    PLUS        shift, and go to state 46
    IDENTIFIER  shift, and go to state 49
    NATURAL     shift, and go to state 50
    DECIMAL     shift, and go to state 51
    BOOLLIT     shift, and go to state 52

    MethodInvocation  go to state 70
    Assignment        go to state 71
    ParseArgs         go to state 72
    Expr              go to state 114


State 75

   28 StatementList: StatementList • Statement
   29 Statement: LBRACE StatementList • RBRACE

    error       shift, and go to state 36
    IF          shift, and go to state 37
    PRINT       shift, and go to state 38
    PARSEINT    shift, and go to state 39
    RETURN      shift, and go to state 40
    WHILE       shift, and go to state 41
    LBRACE      shift, and go to state 42
    LPAR        shift, and go to state 43
    MINUS       shift, and go to state 44
    NOT         shift, and go to state 45
    PLUS        shift, and go to state 46
    RBRACE      shift, and go to state 115
    SEMICOLON   shift, and go to state 48
    IDENTIFIER  shift, and go to state 49
    NATURAL     shift, and go to state 50
    DECIMAL     shift, and go to state 51
    BOOLLIT     shift, and go to state 52

    Statement         go to state 116
    MethodInvocation  go to state 56
    Assignment        go to state 57
    ParseArgs         go to state 58
    Expr              go to state 59


State 76

   74 Expr: LPAR error • RPAR

    RPAR  shift, and go to state 117


State 77

   51 Assignment: Expr • ASSIGN $@1 Expr
   54 Expr: Expr • PLUS Expr
   55     | Expr • MINUS Expr
   56     | Expr • STAR Expr
   57     | Expr • DIV Expr
   58     | Expr • MOD Expr
   59     | Expr • AND Expr
   60     | Expr • OR Expr
   61     | Expr • XOR Expr
   62     | Expr • LSHIFT Expr
   63     | Expr • RSHIFT Expr
   64     | Expr • EQ Expr
   65     | Expr • GE Expr
   66     | Expr • GT Expr
   67     | Expr • LE Expr
   68     | Expr • LT Expr
   69     | Expr • NE Expr
   73     | LPAR Expr • RPAR

    AND     shift, and go to state 88
    ASSIGN  shift, and go to state 89
    STAR    shift, and go to state 90
    DIV     shift, and go to state 91
    EQ      shift, and go to state 92
    GE      shift, and go to state 93
    GT      shift, and go to state 94
    LE      shift, and go to state 95
    LT      shift, and go to state 96
    MINUS   shift, and go to state 97
    MOD     shift, and go to state 98
    NE      shift, and go to state 99
    OR      shift, and go to state 100
    PLUS    shift, and go to state 101
    RPAR    shift, and go to state 118
    LSHIFT  shift, and go to state 102
    RSHIFT  shift, and go to state 103
    XOR     shift, and go to state 104


State 78

   51 Assignment: Expr • ASSIGN $@1 Expr
   54 Expr: Expr • PLUS Expr
   55     | Expr • MINUS Expr
   56     | Expr • STAR Expr
   57     | Expr • DIV Expr
   58     | Expr • MOD Expr
   59     | Expr • AND Expr
   60     | Expr • OR Expr
   61     | Expr • XOR Expr
   62     | Expr • LSHIFT Expr
   63     | Expr • RSHIFT Expr
   64     | Expr • EQ Expr
   65     | Expr • GE Expr
   66     | Expr • GT Expr
   67     | Expr • LE Expr
   68     | Expr • LT Expr
   69     | Expr • NE Expr
   70     | MINUS Expr •

    $default  reduce using rule 70 (Expr)


State 79

   51 Assignment: Expr • ASSIGN $@1 Expr
   54 Expr: Expr • PLUS Expr
   55     | Expr • MINUS Expr
   56     | Expr • STAR Expr
   57     | Expr • DIV Expr
   58     | Expr • MOD Expr
   59     | Expr • AND Expr
   60     | Expr • OR Expr
   61     | Expr • XOR Expr
   62     | Expr • LSHIFT Expr
   63     | Expr • RSHIFT Expr
   64     | Expr • EQ Expr
   65     | Expr • GE Expr
   66     | Expr • GT Expr
   67     | Expr • LE Expr
   68     | Expr • LT Expr
   69     | Expr • NE Expr
   72     | NOT Expr •

    $default  reduce using rule 72 (Expr)


State 80

   51 Assignment: Expr • ASSIGN $@1 Expr
   54 Expr: Expr • PLUS Expr
   55     | Expr • MINUS Expr
   56     | Expr • STAR Expr
   57     | Expr • DIV Expr
   58     | Expr • MOD Expr
   59     | Expr • AND Expr
   60     | Expr • OR Expr
   61     | Expr • XOR Expr
   62     | Expr • LSHIFT Expr
   63     | Expr • RSHIFT Expr
   64     | Expr • EQ Expr
   65     | Expr • GE Expr
   66     | Expr • GT Expr
   67     | Expr • LE Expr
   68     | Expr • LT Expr
   69     | Expr • NE Expr
   71     | PLUS Expr •

    $default  reduce using rule 71 (Expr)


State 81

   83 OptDotLength: DOTLENGTH •

    $default  reduce using rule 83 (OptDotLength)


State 82

   44 MethodInvocation: IDENTIFIER LPAR • OptExprList RPAR
   45                 | IDENTIFIER LPAR • error RPAR

    error       shift, and go to state 119
    PARSEINT    shift, and go to state 39
    LPAR        shift, and go to state 43
    MINUS       shift, and go to state 44
    NOT         shift, and go to state 45
    PLUS        shift, and go to state 46
    IDENTIFIER  shift, and go to state 49
    NATURAL     shift, and go to state 50
    DECIMAL     shift, and go to state 51
    BOOLLIT     shift, and go to state 52

    RPAR  reduce using rule 46 (OptExprList)

    MethodInvocation  go to state 70
    OptExprList       go to state 120
    ExprList          go to state 121
    Assignment        go to state 71
    ParseArgs         go to state 72
    Expr              go to state 122


State 83

   78 Expr: IDENTIFIER OptDotLength •

    $default  reduce using rule 78 (Expr)


State 84

    9 VarDecl: Type IDENTIFIER • IdList SEMICOLON

    $default  reduce using rule 10 (IdList)

    IdList  go to state 123


State 85

   34 Statement: MethodInvocation SEMICOLON •

    $default  reduce using rule 34 (Statement)


State 86

   35 Statement: Assignment SEMICOLON •

    $default  reduce using rule 35 (Statement)


State 87

   36 Statement: ParseArgs SEMICOLON •

    $default  reduce using rule 36 (Statement)


State 88

   59 Expr: Expr AND • Expr

    PARSEINT    shift, and go to state 39
    LPAR        shift, and go to state 43
    MINUS       shift, and go to state 44
    NOT         shift, and go to state 45
    PLUS        shift, and go to state 46
    IDENTIFIER  shift, and go to state 49
    NATURAL     shift, and go to state 50
    DECIMAL     shift, and go to state 51
    BOOLLIT     shift, and go to state 52

    MethodInvocation  go to state 70
    Assignment        go to state 71
    ParseArgs         go to state 72
    Expr              go to state 124


State 89

   51 Assignment: Expr ASSIGN • $@1 Expr

    $default  reduce using rule 50 ($@1)

    $@1  go to state 125


State 90

   56 Expr: Expr STAR • Expr

    PARSEINT    shift, and go to state 39
    LPAR        shift, and go to state 43
    MINUS       shift, and go to state 44
    NOT         shift, and go to state 45
    PLUS        shift, and go to state 46
    IDENTIFIER  shift, and go to state 49
    NATURAL     shift, and go to state 50
    DECIMAL     shift, and go to state 51
    BOOLLIT     shift, and go to state 52

    MethodInvocation  go to state 70
    Assignment        go to state 71
    ParseArgs         go to state 72
    Expr              go to state 126


State 91

   57 Expr: Expr DIV • Expr

    PARSEINT    shift, and go to state 39
    LPAR        shift, and go to state 43
    MINUS       shift, and go to state 44
    NOT         shift, and go to state 45
    PLUS        shift, and go to state 46
    IDENTIFIER  shift, and go to state 49
    NATURAL     shift, and go to state 50
    DECIMAL     shift, and go to state 51
    BOOLLIT     shift, and go to state 52

    MethodInvocation  go to state 70
    Assignment        go to state 71
    ParseArgs         go to state 72
    Expr              go to state 127


State 92

   64 Expr: Expr EQ • Expr

    PARSEINT    shift, and go to state 39
    LPAR        shift, and go to state 43
    MINUS       shift, and go to state 44
    NOT         shift, and go to state 45
    PLUS        shift, and go to state 46
    IDENTIFIER  shift, and go to state 49
    NATURAL     shift, and go to state 50
    DECIMAL     shift, and go to state 51
    BOOLLIT     shift, and go to state 52

    MethodInvocation  go to state 70
    Assignment        go to state 71
    ParseArgs         go to state 72
    Expr              go to state 128


State 93

   65 Expr: Expr GE • Expr

    PARSEINT    shift, and go to state 39
    LPAR        shift, and go to state 43
    MINUS       shift, and go to state 44
    NOT         shift, and go to state 45
    PLUS        shift, and go to state 46
    IDENTIFIER  shift, and go to state 49
    NATURAL     shift, and go to state 50
    DECIMAL     shift, and go to state 51
    BOOLLIT     shift, and go to state 52

    MethodInvocation  go to state 70
    Assignment        go to state 71
    ParseArgs         go to state 72
    Expr              go to state 129


State 94

   66 Expr: Expr GT • Expr

    PARSEINT    shift, and go to state 39
    LPAR        shift, and go to state 43
    MINUS       shift, and go to state 44
    NOT         shift, and go to state 45
    PLUS        shift, and go to state 46
    IDENTIFIER  shift, and go to state 49
    NATURAL     shift, and go to state 50
    DECIMAL     shift, and go to state 51
    BOOLLIT     shift, and go to state 52

    MethodInvocation  go to state 70
    Assignment        go to state 71
    ParseArgs         go to state 72
    Expr              go to state 130


State 95

   67 Expr: Expr LE • Expr

    PARSEINT    shift, and go to state 39
    LPAR        shift, and go to state 43
    MINUS       shift, and go to state 44
    NOT         shift, and go to state 45
    PLUS        shift, and go to state 46
    IDENTIFIER  shift, and go to state 49
    NATURAL     shift, and go to state 50
    DECIMAL     shift, and go to state 51
    BOOLLIT     shift, and go to state 52

    MethodInvocation  go to state 70
    Assignment        go to state 71
    ParseArgs         go to state 72
    Expr              go to state 131


State 96

   68 Expr: Expr LT • Expr

    PARSEINT    shift, and go to state 39
    LPAR        shift, and go to state 43
    MINUS       shift, and go to state 44
    NOT         shift, and go to state 45
    PLUS        shift, and go to state 46
    IDENTIFIER  shift, and go to state 49
    NATURAL     shift, and go to state 50
    DECIMAL     shift, and go to state 51
    BOOLLIT     shift, and go to state 52

    MethodInvocation  go to state 70
    Assignment        go to state 71
    ParseArgs         go to state 72
    Expr              go to state 132


State 97

   55 Expr: Expr MINUS • Expr

    PARSEINT    shift, and go to state 39
    LPAR        shift, and go to state 43
    MINUS       shift, and go to state 44
    NOT         shift, and go to state 45
    PLUS        shift, and go to state 46
    IDENTIFIER  shift, and go to state 49
    NATURAL     shift, and go to state 50
    DECIMAL     shift, and go to state 51
    BOOLLIT     shift, and go to state 52

    MethodInvocation  go to state 70
    Assignment        go to state 71
    ParseArgs         go to state 72
    Expr              go to state 133


State 98

   58 Expr: Expr MOD • Expr

    PARSEINT    shift, and go to state 39
    LPAR        shift, and go to state 43
    MINUS       shift, and go to state 44
    NOT         shift, and go to state 45
    PLUS        shift, and go to state 46
    IDENTIFIER  shift, and go to state 49
    NATURAL     shift, and go to state 50
    DECIMAL     shift, and go to state 51
    BOOLLIT     shift, and go to state 52

    MethodInvocation  go to state 70
    Assignment        go to state 71
    ParseArgs         go to state 72
    Expr              go to state 134


State 99

   69 Expr: Expr NE • Expr

    PARSEINT    shift, and go to state 39
    LPAR        shift, and go to state 43
    MINUS       shift, and go to state 44
    NOT         shift, and go to state 45
    PLUS        shift, and go to state 46
    IDENTIFIER  shift, and go to state 49
    NATURAL     shift, and go to state 50
    DECIMAL     shift, and go to state 51
    BOOLLIT     shift, and go to state 52

    MethodInvocation  go to state 70
    Assignment        go to state 71
    ParseArgs         go to state 72
    Expr              go to state 135


State 100

   60 Expr: Expr OR • Expr

    PARSEINT    shift, and go to state 39
    LPAR        shift, and go to state 43
    MINUS       shift, and go to state 44
    NOT         shift, and go to state 45
    PLUS        shift, and go to state 46
    IDENTIFIER  shift, and go to state 49
    NATURAL     shift, and go to state 50
    DECIMAL     shift, and go to state 51
    BOOLLIT     shift, and go to state 52

    MethodInvocation  go to state 70
    Assignment        go to state 71
    ParseArgs         go to state 72
    Expr              go to state 136


State 101

   54 Expr: Expr PLUS • Expr

    PARSEINT    shift, and go to state 39
    LPAR        shift, and go to state 43
    MINUS       shift, and go to state 44
    NOT         shift, and go to state 45
    PLUS        shift, and go to state 46
    IDENTIFIER  shift, and go to state 49
    NATURAL     shift, and go to state 50
    DECIMAL     shift, and go to state 51
    BOOLLIT     shift, and go to state 52

    MethodInvocation  go to state 70
    Assignment        go to state 71
    ParseArgs         go to state 72
    Expr              go to state 137


State 102

   62 Expr: Expr LSHIFT • Expr

    PARSEINT    shift, and go to state 39
    LPAR        shift, and go to state 43
    MINUS       shift, and go to state 44
    NOT         shift, and go to state 45
    PLUS        shift, and go to state 46
    IDENTIFIER  shift, and go to state 49
    NATURAL     shift, and go to state 50
    DECIMAL     shift, and go to state 51
    BOOLLIT     shift, and go to state 52

    MethodInvocation  go to state 70
    Assignment        go to state 71
    ParseArgs         go to state 72
    Expr              go to state 138


State 103

   63 Expr: Expr RSHIFT • Expr

    PARSEINT    shift, and go to state 39
    LPAR        shift, and go to state 43
    MINUS       shift, and go to state 44
    NOT         shift, and go to state 45
    PLUS        shift, and go to state 46
    IDENTIFIER  shift, and go to state 49
    NATURAL     shift, and go to state 50
    DECIMAL     shift, and go to state 51
    BOOLLIT     shift, and go to state 52

    MethodInvocation  go to state 70
    Assignment        go to state 71
    ParseArgs         go to state 72
    Expr              go to state 139


State 104

   61 Expr: Expr XOR • Expr

    PARSEINT    shift, and go to state 39
    LPAR        shift, and go to state 43
    MINUS       shift, and go to state 44
    NOT         shift, and go to state 45
    PLUS        shift, and go to state 46
    IDENTIFIER  shift, and go to state 49
    NATURAL     shift, and go to state 50
    DECIMAL     shift, and go to state 51
    BOOLLIT     shift, and go to state 52

    MethodInvocation  go to state 70
    Assignment        go to state 71
    ParseArgs         go to state 72
    Expr              go to state 140


State 105

   20 FormalParams: STRING LSQ RSQ • IDENTIFIER

    IDENTIFIER  shift, and go to state 141


State 106

   19 FormalParams: Type IDENTIFIER FormalParamsRest •
   22 FormalParamsRest: FormalParamsRest • COMMA Type IDENTIFIER

    COMMA  shift, and go to state 142

    $default  reduce using rule 19 (FormalParams)


State 107

   30 Statement: IF LPAR Expr • RPAR Statement
   31          | IF LPAR Expr • RPAR Statement ELSE Statement
   51 Assignment: Expr • ASSIGN $@1 Expr
   54 Expr: Expr • PLUS Expr
   55     | Expr • MINUS Expr
   56     | Expr • STAR Expr
   57     | Expr • DIV Expr
   58     | Expr • MOD Expr
   59     | Expr • AND Expr
   60     | Expr • OR Expr
   61     | Expr • XOR Expr
   62     | Expr • LSHIFT Expr
   63     | Expr • RSHIFT Expr
   64     | Expr • EQ Expr
   65     | Expr • GE Expr
   66     | Expr • GT Expr
   67     | Expr • LE Expr
   68     | Expr • LT Expr
   69     | Expr • NE Expr

    AND     shift, and go to state 88
    ASSIGN  shift, and go to state 89
    STAR    shift, and go to state 90
    DIV     shift, and go to state 91
    EQ      shift, and go to state 92
    GE      shift, and go to state 93
    GT      shift, and go to state 94
    LE      shift, and go to state 95
    LT      shift, and go to state 96
    MINUS   shift, and go to state 97
    MOD     shift, and go to state 98
    NE      shift, and go to state 99
    OR      shift, and go to state 100
    PLUS    shift, and go to state 101
    RPAR    shift, and go to state 143
    LSHIFT  shift, and go to state 102
    RSHIFT  shift, and go to state 103
    XOR     shift, and go to state 104


State 108

   43 ExprOrStrlit: STRLIT •

    $default  reduce using rule 43 (ExprOrStrlit)


State 109

   37 Statement: PRINT LPAR ExprOrStrlit • RPAR SEMICOLON

    RPAR  shift, and go to state 144


State 110

   42 ExprOrStrlit: Expr •
   51 Assignment: Expr • ASSIGN $@1 Expr
   54 Expr: Expr • PLUS Expr
   55     | Expr • MINUS Expr
   56     | Expr • STAR Expr
   57     | Expr • DIV Expr
   58     | Expr • MOD Expr
   59     | Expr • AND Expr
   60     | Expr • OR Expr
   61     | Expr • XOR Expr
   62     | Expr • LSHIFT Expr
   63     | Expr • RSHIFT Expr
   64     | Expr • EQ Expr
   65     | Expr • GE Expr
   66     | Expr • GT Expr
   67     | Expr • LE Expr
   68     | Expr • LT Expr
   69     | Expr • NE Expr

    AND     shift, and go to state 88
    ASSIGN  shift, and go to state 89
    STAR    shift, and go to state 90
    DIV     shift, and go to state 91
    EQ      shift, and go to state 92
    GE      shift, and go to state 93
    GT      shift, and go to state 94
    LE      shift, and go to state 95
    LT      shift, and go to state 96
    MINUS   shift, and go to state 97
    MOD     shift, and go to state 98
    NE      shift, and go to state 99
    OR      shift, and go to state 100
    PLUS    shift, and go to state 101
    LSHIFT  shift, and go to state 102
    RSHIFT  shift, and go to state 103
    XOR     shift, and go to state 104

    $default  reduce using rule 42 (ExprOrStrlit)


State 111

   53 ParseArgs: PARSEINT LPAR error • RPAR

    RPAR  shift, and go to state 145


State 112

   52 ParseArgs: PARSEINT LPAR IDENTIFIER • LSQ Expr RSQ RPAR

    LSQ  shift, and go to state 146


State 113

   33 Statement: RETURN OptExpr SEMICOLON •

    $default  reduce using rule 33 (Statement)


State 114

   32 Statement: WHILE LPAR Expr • RPAR Statement
   51 Assignment: Expr • ASSIGN $@1 Expr
   54 Expr: Expr • PLUS Expr
   55     | Expr • MINUS Expr
   56     | Expr • STAR Expr
   57     | Expr • DIV Expr
   58     | Expr • MOD Expr
   59     | Expr • AND Expr
   60     | Expr • OR Expr
   61     | Expr • XOR Expr
   62     | Expr • LSHIFT Expr
   63     | Expr • RSHIFT Expr
   64     | Expr • EQ Expr
   65     | Expr • GE Expr
   66     | Expr • GT Expr
   67     | Expr • LE Expr
   68     | Expr • LT Expr
   69     | Expr • NE Expr

    AND     shift, and go to state 88
    ASSIGN  shift, and go to state 89
    STAR    shift, and go to state 90
    DIV     shift, and go to state 91
    EQ      shift, and go to state 92
    GE      shift, and go to state 93
    GT      shift, and go to state 94
    LE      shift, and go to state 95
    LT      shift, and go to state 96
    MINUS   shift, and go to state 97
    MOD     shift, and go to state 98
    NE      shift, and go to state 99
    OR      shift, and go to state 100
    PLUS    shift, and go to state 101
    RPAR    shift, and go to state 147
    LSHIFT  shift, and go to state 102
    RSHIFT  shift, and go to state 103
    XOR     shift, and go to state 104


State 115

   29 Statement: LBRACE StatementList RBRACE •

    $default  reduce using rule 29 (Statement)


State 116

   28 StatementList: StatementList Statement •

    $default  reduce using rule 28 (StatementList)


State 117

   74 Expr: LPAR error RPAR •

    $default  reduce using rule 74 (Expr)


State 118

   73 Expr: LPAR Expr RPAR •

    $default  reduce using rule 73 (Expr)


State 119

   45 MethodInvocation: IDENTIFIER LPAR error • RPAR

    RPAR  shift, and go to state 148


State 120

   44 MethodInvocation: IDENTIFIER LPAR OptExprList • RPAR

    RPAR  shift, and go to state 149


State 121

   47 OptExprList: ExprList •
   49 ExprList: ExprList • COMMA Expr

    COMMA  shift, and go to state 150

    $default  reduce using rule 47 (OptExprList)


State 122

   48 ExprList: Expr •
   51 Assignment: Expr • ASSIGN $@1 Expr
   54 Expr: Expr • PLUS Expr
   55     | Expr • MINUS Expr
   56     | Expr • STAR Expr
   57     | Expr • DIV Expr
   58     | Expr • MOD Expr
   59     | Expr • AND Expr
   60     | Expr • OR Expr
   61     | Expr • XOR Expr
   62     | Expr • LSHIFT Expr
   63     | Expr • RSHIFT Expr
   64     | Expr • EQ Expr
   65     | Expr • GE Expr
   66     | Expr • GT Expr
   67     | Expr • LE Expr
   68     | Expr • LT Expr
   69     | Expr • NE Expr

    AND     shift, and go to state 88
    ASSIGN  shift, and go to state 89
    STAR    shift, and go to state 90
    DIV     shift, and go to state 91
    EQ      shift, and go to state 92
    GE      shift, and go to state 93
    GT      shift, and go to state 94
    LE      shift, and go to state 95
    LT      shift, and go to state 96
    MINUS   shift, and go to state 97
    MOD     shift, and go to state 98
    NE      shift, and go to state 99
    OR      shift, and go to state 100
    PLUS    shift, and go to state 101
    LSHIFT  shift, and go to state 102
    RSHIFT  shift, and go to state 103
    XOR     shift, and go to state 104

    $default  reduce using rule 48 (ExprList)


State 123

    9 VarDecl: Type IDENTIFIER IdList • SEMICOLON
   11 IdList: IdList • COMMA IDENTIFIER

    COMMA      shift, and go to state 34
    SEMICOLON  shift, and go to state 151


State 124

   51 Assignment: Expr • ASSIGN $@1 Expr
   54 Expr: Expr • PLUS Expr
   55     | Expr • MINUS Expr
   56     | Expr • STAR Expr
   57     | Expr • DIV Expr
   58     | Expr • MOD Expr
   59     | Expr • AND Expr
   59     | Expr AND Expr •
   60     | Expr • OR Expr
   61     | Expr • XOR Expr
   62     | Expr • LSHIFT Expr
   63     | Expr • RSHIFT Expr
   64     | Expr • EQ Expr
   65     | Expr • GE Expr
   66     | Expr • GT Expr
   67     | Expr • LE Expr
   68     | Expr • LT Expr
   69     | Expr • NE Expr

    STAR    shift, and go to state 90
    DIV     shift, and go to state 91
    EQ      shift, and go to state 92
    GE      shift, and go to state 93
    GT      shift, and go to state 94
    LE      shift, and go to state 95
    LT      shift, and go to state 96
    MINUS   shift, and go to state 97
    MOD     shift, and go to state 98
    NE      shift, and go to state 99
    PLUS    shift, and go to state 101
    LSHIFT  shift, and go to state 102
    RSHIFT  shift, and go to state 103
    XOR     shift, and go to state 104

    $default  reduce using rule 59 (Expr)


State 125

   51 Assignment: Expr ASSIGN $@1 • Expr

    PARSEINT    shift, and go to state 39
    LPAR        shift, and go to state 43
    MINUS       shift, and go to state 44
    NOT         shift, and go to state 45
    PLUS        shift, and go to state 46
    IDENTIFIER  shift, and go to state 49
    NATURAL     shift, and go to state 50
    DECIMAL     shift, and go to state 51
    BOOLLIT     shift, and go to state 52

    MethodInvocation  go to state 70
    Assignment        go to state 71
    ParseArgs         go to state 72
    Expr              go to state 152


State 126

   51 Assignment: Expr • ASSIGN $@1 Expr
   54 Expr: Expr • PLUS Expr
   55     | Expr • MINUS Expr
   56     | Expr • STAR Expr
   56     | Expr STAR Expr •
   57     | Expr • DIV Expr
   58     | Expr • MOD Expr
   59     | Expr • AND Expr
   60     | Expr • OR Expr
   61     | Expr • XOR Expr
   62     | Expr • LSHIFT Expr
   63     | Expr • RSHIFT Expr
   64     | Expr • EQ Expr
   65     | Expr • GE Expr
   66     | Expr • GT Expr
   67     | Expr • LE Expr
   68     | Expr • LT Expr
   69     | Expr • NE Expr

    $default  reduce using rule 56 (Expr)


State 127

   51 Assignment: Expr • ASSIGN $@1 Expr
   54 Expr: Expr • PLUS Expr
   55     | Expr • MINUS Expr
   56     | Expr • STAR Expr
   57     | Expr • DIV Expr
   57     | Expr DIV Expr •
   58     | Expr • MOD Expr
   59     | Expr • AND Expr
   60     | Expr • OR Expr
   61     | Expr • XOR Expr
   62     | Expr • LSHIFT Expr
   63     | Expr • RSHIFT Expr
   64     | Expr • EQ Expr
   65     | Expr • GE Expr
   66     | Expr • GT Expr
   67     | Expr • LE Expr
   68     | Expr • LT Expr
   69     | Expr • NE Expr

    $default  reduce using rule 57 (Expr)


State 128

   51 Assignment: Expr • ASSIGN $@1 Expr
   54 Expr: Expr • PLUS Expr
   55     | Expr • MINUS Expr
   56     | Expr • STAR Expr
   57     | Expr • DIV Expr
   58     | Expr • MOD Expr
   59     | Expr • AND Expr
   60     | Expr • OR Expr
   61     | Expr • XOR Expr
   62     | Expr • LSHIFT Expr
   63     | Expr • RSHIFT Expr
   64     | Expr • EQ Expr
   64     | Expr EQ Expr •
   65     | Expr • GE Expr
   66     | Expr • GT Expr
   67     | Expr • LE Expr
   68     | Expr • LT Expr
   69     | Expr • NE Expr

    STAR    shift, and go to state 90
    DIV     shift, and go to state 91
    GE      shift, and go to state 93
    GT      shift, and go to state 94
    LE      shift, and go to state 95
    LT      shift, and go to state 96
    MINUS   shift, and go to state 97
    MOD     shift, and go to state 98
    PLUS    shift, and go to state 101
    LSHIFT  shift, and go to state 102
    RSHIFT  shift, and go to state 103

    $default  reduce using rule 64 (Expr)


State 129

   51 Assignment: Expr • ASSIGN $@1 Expr
   54 Expr: Expr • PLUS Expr
   55     | Expr • MINUS Expr
   56     | Expr • STAR Expr
   57     | Expr • DIV Expr
   58     | Expr • MOD Expr
   59     | Expr • AND Expr
   60     | Expr • OR Expr
   61     | Expr • XOR Expr
   62     | Expr • LSHIFT Expr
   63     | Expr • RSHIFT Expr
   64     | Expr • EQ Expr
   65     | Expr • GE Expr
   65     | Expr GE Expr •
   66     | Expr • GT Expr
   67     | Expr • LE Expr
   68     | Expr • LT Expr
   69     | Expr • NE Expr

    STAR    shift, and go to state 90
    DIV     shift, and go to state 91
    MINUS   shift, and go to state 97
    MOD     shift, and go to state 98
    PLUS    shift, and go to state 101
    LSHIFT  shift, and go to state 102
    RSHIFT  shift, and go to state 103

    $default  reduce using rule 65 (Expr)


State 130

   51 Assignment: Expr • ASSIGN $@1 Expr
   54 Expr: Expr • PLUS Expr
   55     | Expr • MINUS Expr
   56     | Expr • STAR Expr
   57     | Expr • DIV Expr
   58     | Expr • MOD Expr
   59     | Expr • AND Expr
   60     | Expr • OR Expr
   61     | Expr • XOR Expr
   62     | Expr • LSHIFT Expr
   63     | Expr • RSHIFT Expr
   64     | Expr • EQ Expr
   65     | Expr • GE Expr
   66     | Expr • GT Expr
   66     | Expr GT Expr •
   67     | Expr • LE Expr
   68     | Expr • LT Expr
   69     | Expr • NE Expr

    STAR    shift, and go to state 90
    DIV     shift, and go to state 91
    MINUS   shift, and go to state 97
    MOD     shift, and go to state 98
    PLUS    shift, and go to state 101
    LSHIFT  shift, and go to state 102
    RSHIFT  shift, and go to state 103

    $default  reduce using rule 66 (Expr)


State 131

   51 Assignment: Expr • ASSIGN $@1 Expr
   54 Expr: Expr • PLUS Expr
   55     | Expr • MINUS Expr
   56     | Expr • STAR Expr
   57     | Expr • DIV Expr
   58     | Expr • MOD Expr
   59     | Expr • AND Expr
   60     | Expr • OR Expr
   61     | Expr • XOR Expr
   62     | Expr • LSHIFT Expr
   63     | Expr • RSHIFT Expr
   64     | Expr • EQ Expr
   65     | Expr • GE Expr
   66     | Expr • GT Expr
   67     | Expr • LE Expr
   67     | Expr LE Expr •
   68     | Expr • LT Expr
   69     | Expr • NE Expr

    STAR    shift, and go to state 90
    DIV     shift, and go to state 91
    MINUS   shift, and go to state 97
    MOD     shift, and go to state 98
    PLUS    shift, and go to state 101
    LSHIFT  shift, and go to state 102
    RSHIFT  shift, and go to state 103

    $default  reduce using rule 67 (Expr)


State 132

   51 Assignment: Expr • ASSIGN $@1 Expr
   54 Expr: Expr • PLUS Expr
   55     | Expr • MINUS Expr
   56     | Expr • STAR Expr
   57     | Expr • DIV Expr
   58     | Expr • MOD Expr
   59     | Expr • AND Expr
   60     | Expr • OR Expr
   61     | Expr • XOR Expr
   62     | Expr • LSHIFT Expr
   63     | Expr • RSHIFT Expr
   64     | Expr • EQ Expr
   65     | Expr • GE Expr
   66     | Expr • GT Expr
   67     | Expr • LE Expr
   68     | Expr • LT Expr
   68     | Expr LT Expr •
   69     | Expr • NE Expr

    STAR    shift, and go to state 90
    DIV     shift, and go to state 91
    MINUS   shift, and go to state 97
    MOD     shift, and go to state 98
    PLUS    shift, and go to state 101
    LSHIFT  shift, and go to state 102
    RSHIFT  shift, and go to state 103

    $default  reduce using rule 68 (Expr)


State 133

   51 Assignment: Expr • ASSIGN $@1 Expr
   54 Expr: Expr • PLUS Expr
   55     | Expr • MINUS Expr
   55     | Expr MINUS Expr •
   56     | Expr • STAR Expr
   57     | Expr • DIV Expr
   58     | Expr • MOD Expr
   59     | Expr • AND Expr
   60     | Expr • OR Expr
   61     | Expr • XOR Expr
   62     | Expr • LSHIFT Expr
   63     | Expr • RSHIFT Expr
   64     | Expr • EQ Expr
   65     | Expr • GE Expr
   66     | Expr • GT Expr
   67     | Expr • LE Expr
   68     | Expr • LT Expr
   69     | Expr • NE Expr

    STAR  shift, and go to state 90
    DIV   shift, and go to state 91
    MOD   shift, and go to state 98

    $default  reduce using rule 55 (Expr)


State 134

   51 Assignment: Expr • ASSIGN $@1 Expr
   54 Expr: Expr • PLUS Expr
   55     | Expr • MINUS Expr
   56     | Expr • STAR Expr
   57     | Expr • DIV Expr
   58     | Expr • MOD Expr
   58     | Expr MOD Expr •
   59     | Expr • AND Expr
   60     | Expr • OR Expr
   61     | Expr • XOR Expr
   62     | Expr • LSHIFT Expr
   63     | Expr • RSHIFT Expr
   64     | Expr • EQ Expr
   65     | Expr • GE Expr
   66     | Expr • GT Expr
   67     | Expr • LE Expr
   68     | Expr • LT Expr
   69     | Expr • NE Expr

    $default  reduce using rule 58 (Expr)


State 135

   51 Assignment: Expr • ASSIGN $@1 Expr
   54 Expr: Expr • PLUS Expr
   55     | Expr • MINUS Expr
   56     | Expr • STAR Expr
   57     | Expr • DIV Expr
   58     | Expr • MOD Expr
   59     | Expr • AND Expr
   60     | Expr • OR Expr
   61     | Expr • XOR Expr
   62     | Expr • LSHIFT Expr
   63     | Expr • RSHIFT Expr
   64     | Expr • EQ Expr
   65     | Expr • GE Expr
   66     | Expr • GT Expr
   67     | Expr • LE Expr
   68     | Expr • LT Expr
   69     | Expr • NE Expr
   69     | Expr NE Expr •

    STAR    shift, and go to state 90
    DIV     shift, and go to state 91
    GE      shift, and go to state 93
    GT      shift, and go to state 94
    LE      shift, and go to state 95
    LT      shift, and go to state 96
    MINUS   shift, and go to state 97
    MOD     shift, and go to state 98
    PLUS    shift, and go to state 101
    LSHIFT  shift, and go to state 102
    RSHIFT  shift, and go to state 103

    $default  reduce using rule 69 (Expr)


State 136

   51 Assignment: Expr • ASSIGN $@1 Expr
   54 Expr: Expr • PLUS Expr
   55     | Expr • MINUS Expr
   56     | Expr • STAR Expr
   57     | Expr • DIV Expr
   58     | Expr • MOD Expr
   59     | Expr • AND Expr
   60     | Expr • OR Expr
   60     | Expr OR Expr •
   61     | Expr • XOR Expr
   62     | Expr • LSHIFT Expr
   63     | Expr • RSHIFT Expr
   64     | Expr • EQ Expr
   65     | Expr • GE Expr
   66     | Expr • GT Expr
   67     | Expr • LE Expr
   68     | Expr • LT Expr
   69     | Expr • NE Expr

    AND     shift, and go to state 88
    STAR    shift, and go to state 90
    DIV     shift, and go to state 91
    EQ      shift, and go to state 92
    GE      shift, and go to state 93
    GT      shift, and go to state 94
    LE      shift, and go to state 95
    LT      shift, and go to state 96
    MINUS   shift, and go to state 97
    MOD     shift, and go to state 98
    NE      shift, and go to state 99
    PLUS    shift, and go to state 101
    LSHIFT  shift, and go to state 102
    RSHIFT  shift, and go to state 103
    XOR     shift, and go to state 104

    $default  reduce using rule 60 (Expr)


State 137

   51 Assignment: Expr • ASSIGN $@1 Expr
   54 Expr: Expr • PLUS Expr
   54     | Expr PLUS Expr •
   55     | Expr • MINUS Expr
   56     | Expr • STAR Expr
   57     | Expr • DIV Expr
   58     | Expr • MOD Expr
   59     | Expr • AND Expr
   60     | Expr • OR Expr
   61     | Expr • XOR Expr
   62     | Expr • LSHIFT Expr
   63     | Expr • RSHIFT Expr
   64     | Expr • EQ Expr
   65     | Expr • GE Expr
   66     | Expr • GT Expr
   67     | Expr • LE Expr
   68     | Expr • LT Expr
   69     | Expr • NE Expr

    STAR  shift, and go to state 90
    DIV   shift, and go to state 91
    MOD   shift, and go to state 98

    $default  reduce using rule 54 (Expr)


State 138

   51 Assignment: Expr • ASSIGN $@1 Expr
   54 Expr: Expr • PLUS Expr
   55     | Expr • MINUS Expr
   56     | Expr • STAR Expr
   57     | Expr • DIV Expr
   58     | Expr • MOD Expr
   59     | Expr • AND Expr
   60     | Expr • OR Expr
   61     | Expr • XOR Expr
   62     | Expr • LSHIFT Expr
   62     | Expr LSHIFT Expr •
   63     | Expr • RSHIFT Expr
   64     | Expr • EQ Expr
   65     | Expr • GE Expr
   66     | Expr • GT Expr
   67     | Expr • LE Expr
   68     | Expr • LT Expr
   69     | Expr • NE Expr

    STAR   shift, and go to state 90
    DIV    shift, and go to state 91
    MINUS  shift, and go to state 97
    MOD    shift, and go to state 98
    PLUS   shift, and go to state 101

    $default  reduce using rule 62 (Expr)


State 139

   51 Assignment: Expr • ASSIGN $@1 Expr
   54 Expr: Expr • PLUS Expr
   55     | Expr • MINUS Expr
   56     | Expr • STAR Expr
   57     | Expr • DIV Expr
   58     | Expr • MOD Expr
   59     | Expr • AND Expr
   60     | Expr • OR Expr
   61     | Expr • XOR Expr
   62     | Expr • LSHIFT Expr
   63     | Expr • RSHIFT Expr
   63     | Expr RSHIFT Expr •
   64     | Expr • EQ Expr
   65     | Expr • GE Expr
   66     | Expr • GT Expr
   67     | Expr • LE Expr
   68     | Expr • LT Expr
   69     | Expr • NE Expr

    STAR   shift, and go to state 90
    DIV    shift, and go to state 91
    MINUS  shift, and go to state 97
    MOD    shift, and go to state 98
    PLUS   shift, and go to state 101

    $default  reduce using rule 63 (Expr)


State 140

   51 Assignment: Expr • ASSIGN $@1 Expr
   54 Expr: Expr • PLUS Expr
   55     | Expr • MINUS Expr
   56     | Expr • STAR Expr
   57     | Expr • DIV Expr
   58     | Expr • MOD Expr
   59     | Expr • AND Expr
   60     | Expr • OR Expr
   61     | Expr • XOR Expr
   61     | Expr XOR Expr •
   62     | Expr • LSHIFT Expr
   63     | Expr • RSHIFT Expr
   64     | Expr • EQ Expr
   65     | Expr • GE Expr
   66     | Expr • GT Expr
   67     | Expr • LE Expr
   68     | Expr • LT Expr
   69     | Expr • NE Expr

    STAR    shift, and go to state 90
    DIV     shift, and go to state 91
    EQ      shift, and go to state 92
    GE      shift, and go to state 93
    GT      shift, and go to state 94
    LE      shift, and go to state 95
    LT      shift, and go to state 96
    MINUS   shift, and go to state 97
    MOD     shift, and go to state 98
    NE      shift, and go to state 99
    PLUS    shift, and go to state 101
    LSHIFT  shift, and go to state 102
    RSHIFT  shift, and go to state 103

    $default  reduce using rule 61 (Expr)


State 141

   20 FormalParams: STRING LSQ RSQ IDENTIFIER •

    $default  reduce using rule 20 (FormalParams)


State 142

   22 FormalParamsRest: FormalParamsRest COMMA • Type IDENTIFIER

    BOOL    shift, and go to state 15
    DOUBLE  shift, and go to state 16
    INT     shift, and go to state 17

    Type  go to state 153


State 143

   30 Statement: IF LPAR Expr RPAR • Statement
   31          | IF LPAR Expr RPAR • Statement ELSE Statement

    error       shift, and go to state 36
    IF          shift, and go to state 37
    PRINT       shift, and go to state 38
    PARSEINT    shift, and go to state 39
    RETURN      shift, and go to state 40
    WHILE       shift, and go to state 41
    LBRACE      shift, and go to state 42
    LPAR        shift, and go to state 43
    MINUS       shift, and go to state 44
    NOT         shift, and go to state 45
    PLUS        shift, and go to state 46
    SEMICOLON   shift, and go to state 48
    IDENTIFIER  shift, and go to state 49
    NATURAL     shift, and go to state 50
    DECIMAL     shift, and go to state 51
    BOOLLIT     shift, and go to state 52

    Statement         go to state 154
    MethodInvocation  go to state 56
    Assignment        go to state 57
    ParseArgs         go to state 58
    Expr              go to state 59


State 144

   37 Statement: PRINT LPAR ExprOrStrlit RPAR • SEMICOLON

    SEMICOLON  shift, and go to state 155


State 145

   53 ParseArgs: PARSEINT LPAR error RPAR •

    $default  reduce using rule 53 (ParseArgs)


State 146

   52 ParseArgs: PARSEINT LPAR IDENTIFIER LSQ • Expr RSQ RPAR

    PARSEINT    shift, and go to state 39
    LPAR        shift, and go to state 43
    MINUS       shift, and go to state 44
    NOT         shift, and go to state 45
    PLUS        shift, and go to state 46
    IDENTIFIER  shift, and go to state 49
    NATURAL     shift, and go to state 50
    DECIMAL     shift, and go to state 51
    BOOLLIT     shift, and go to state 52

    MethodInvocation  go to state 70
    Assignment        go to state 71
    ParseArgs         go to state 72
    Expr              go to state 156


State 147

   32 Statement: WHILE LPAR Expr RPAR • Statement

    error       shift, and go to state 36
    IF          shift, and go to state 37
    PRINT       shift, and go to state 38
    PARSEINT    shift, and go to state 39
    RETURN      shift, and go to state 40
    WHILE       shift, and go to state 41
    LBRACE      shift, and go to state 42
    LPAR        shift, and go to state 43
    MINUS       shift, and go to state 44
    NOT         shift, and go to state 45
    PLUS        shift, and go to state 46
    SEMICOLON   shift, and go to state 48
    IDENTIFIER  shift, and go to state 49
    NATURAL     shift, and go to state 50
    DECIMAL     shift, and go to state 51
    BOOLLIT     shift, and go to state 52

    Statement         go to state 157
    MethodInvocation  go to state 56
    Assignment        go to state 57
    ParseArgs         go to state 58
    Expr              go to state 59


State 148

   45 MethodInvocation: IDENTIFIER LPAR error RPAR •

    $default  reduce using rule 45 (MethodInvocation)


State 149

   44 MethodInvocation: IDENTIFIER LPAR OptExprList RPAR •

    $default  reduce using rule 44 (MethodInvocation)


State 150

   49 ExprList: ExprList COMMA • Expr

    PARSEINT    shift, and go to state 39
    LPAR        shift, and go to state 43
    MINUS       shift, and go to state 44
    NOT         shift, and go to state 45
    PLUS        shift, and go to state 46
    IDENTIFIER  shift, and go to state 49
    NATURAL     shift, and go to state 50
    DECIMAL     shift, and go to state 51
    BOOLLIT     shift, and go to state 52

    MethodInvocation  go to state 70
    Assignment        go to state 71
    ParseArgs         go to state 72
    Expr              go to state 158


State 151

    9 VarDecl: Type IDENTIFIER IdList SEMICOLON •

    $default  reduce using rule 9 (VarDecl)


State 152

   51 Assignment: Expr • ASSIGN $@1 Expr
   51           | Expr ASSIGN $@1 Expr •
   54 Expr: Expr • PLUS Expr
   55     | Expr • MINUS Expr
   56     | Expr • STAR Expr
   57     | Expr • DIV Expr
   58     | Expr • MOD Expr
   59     | Expr • AND Expr
   60     | Expr • OR Expr
   61     | Expr • XOR Expr
   62     | Expr • LSHIFT Expr
   63     | Expr • RSHIFT Expr
   64     | Expr • EQ Expr
   65     | Expr • GE Expr
   66     | Expr • GT Expr
   67     | Expr • LE Expr
   68     | Expr • LT Expr
   69     | Expr • NE Expr

    AND     shift, and go to state 88
    ASSIGN  shift, and go to state 89
    STAR    shift, and go to state 90
    DIV     shift, and go to state 91
    EQ      shift, and go to state 92
    GE      shift, and go to state 93
    GT      shift, and go to state 94
    LE      shift, and go to state 95
    LT      shift, and go to state 96
    MINUS   shift, and go to state 97
    MOD     shift, and go to state 98
    NE      shift, and go to state 99
    OR      shift, and go to state 100
    PLUS    shift, and go to state 101
    LSHIFT  shift, and go to state 102
    RSHIFT  shift, and go to state 103
    XOR     shift, and go to state 104

    $default  reduce using rule 51 (Assignment)


State 153

   22 FormalParamsRest: FormalParamsRest COMMA Type • IDENTIFIER

    IDENTIFIER  shift, and go to state 159


State 154

   30 Statement: IF LPAR Expr RPAR Statement •
   31          | IF LPAR Expr RPAR Statement • ELSE Statement

    ELSE  shift, and go to state 160

    $default  reduce using rule 30 (Statement)


State 155

   37 Statement: PRINT LPAR ExprOrStrlit RPAR SEMICOLON •

    $default  reduce using rule 37 (Statement)


State 156

   51 Assignment: Expr • ASSIGN $@1 Expr
   52 ParseArgs: PARSEINT LPAR IDENTIFIER LSQ Expr • RSQ RPAR
   54 Expr: Expr • PLUS Expr
   55     | Expr • MINUS Expr
   56     | Expr • STAR Expr
   57     | Expr • DIV Expr
   58     | Expr • MOD Expr
   59     | Expr • AND Expr
   60     | Expr • OR Expr
   61     | Expr • XOR Expr
   62     | Expr • LSHIFT Expr
   63     | Expr • RSHIFT Expr
   64     | Expr • EQ Expr
   65     | Expr • GE Expr
   66     | Expr • GT Expr
   67     | Expr • LE Expr
   68     | Expr • LT Expr
   69     | Expr • NE Expr

    AND     shift, and go to state 88
    ASSIGN  shift, and go to state 89
    STAR    shift, and go to state 90
    DIV     shift, and go to state 91
    EQ      shift, and go to state 92
    GE      shift, and go to state 93
    GT      shift, and go to state 94
    LE      shift, and go to state 95
    LT      shift, and go to state 96
    MINUS   shift, and go to state 97
    MOD     shift, and go to state 98
    NE      shift, and go to state 99
    OR      shift, and go to state 100
    PLUS    shift, and go to state 101
    RSQ     shift, and go to state 161
    LSHIFT  shift, and go to state 102
    RSHIFT  shift, and go to state 103
    XOR     shift, and go to state 104


State 157

   32 Statement: WHILE LPAR Expr RPAR Statement •

    $default  reduce using rule 32 (Statement)


State 158

   49 ExprList: ExprList COMMA Expr •
   51 Assignment: Expr • ASSIGN $@1 Expr
   54 Expr: Expr • PLUS Expr
   55     | Expr • MINUS Expr
   56     | Expr • STAR Expr
   57     | Expr • DIV Expr
   58     | Expr • MOD Expr
   59     | Expr • AND Expr
   60     | Expr • OR Expr
   61     | Expr • XOR Expr
   62     | Expr • LSHIFT Expr
   63     | Expr • RSHIFT Expr
   64     | Expr • EQ Expr
   65     | Expr • GE Expr
   66     | Expr • GT Expr
   67     | Expr • LE Expr
   68     | Expr • LT Expr
   69     | Expr • NE Expr

    AND     shift, and go to state 88
    ASSIGN  shift, and go to state 89
    STAR    shift, and go to state 90
    DIV     shift, and go to state 91
    EQ      shift, and go to state 92
    GE      shift, and go to state 93
    GT      shift, and go to state 94
    LE      shift, and go to state 95
    LT      shift, and go to state 96
    MINUS   shift, and go to state 97
    MOD     shift, and go to state 98
    NE      shift, and go to state 99
    OR      shift, and go to state 100
    PLUS    shift, and go to state 101
    LSHIFT  shift, and go to state 102
    RSHIFT  shift, and go to state 103
    XOR     shift, and go to state 104

    $default  reduce using rule 49 (ExprList)


State 159

   22 FormalParamsRest: FormalParamsRest COMMA Type IDENTIFIER •

    $default  reduce using rule 22 (FormalParamsRest)


State 160

   31 Statement: IF LPAR Expr RPAR Statement ELSE • Statement

    error       shift, and go to state 36
    IF          shift, and go to state 37
    PRINT       shift, and go to state 38
    PARSEINT    shift, and go to state 39
    RETURN      shift, and go to state 40
    WHILE       shift, and go to state 41
    LBRACE      shift, and go to state 42
    LPAR        shift, and go to state 43
    MINUS       shift, and go to state 44
    NOT         shift, and go to state 45
    PLUS        shift, and go to state 46
    SEMICOLON   shift, and go to state 48
    IDENTIFIER  shift, and go to state 49
    NATURAL     shift, and go to state 50
    DECIMAL     shift, and go to state 51
    BOOLLIT     shift, and go to state 52

    Statement         go to state 162
    MethodInvocation  go to state 56
    Assignment        go to state 57
    ParseArgs         go to state 58
    Expr              go to state 59


State 161

   52 ParseArgs: PARSEINT LPAR IDENTIFIER LSQ Expr RSQ • RPAR

    RPAR  shift, and go to state 163


State 162

   31 Statement: IF LPAR Expr RPAR Statement ELSE Statement •

    $default  reduce using rule 31 (Statement)


State 163

   52 ParseArgs: PARSEINT LPAR IDENTIFIER LSQ Expr RSQ RPAR •

    $default  reduce using rule 52 (ParseArgs)
