CLASS
ID(Stats)
LBRACE
PUBLIC
STATIC
DOUBLE
ID(stats)
LPAR
INT
ID(a)
COMMA
DOUBLE
ID(b)
COMMA
BOOL
ID(c)
COMMA
INT
ID(a)
RPAR
LBRACE
IF
LPAR
NOT
ID(a)
NE
INTLIT(555)
RPAR
SEMICOLON
IF
LPAR
ID(c)
LT
INTLIT(666)
RPAR
LBRACE
SEMICOLON
RBRACE
ELSE
LBRACE
IF
LPAR
NOT
ID(b)
GT
INTLIT(1)
RPAR
LBRACE
ID(a)
ASSIGN
INTLIT(22)
SEMICOLON
LBRACE
IF
LPAR
NOT
ID(a)
NE
INTLIT(0)
RPAR
LBRACE
ID(b)
ASSIGN
INTLIT(3)
SEMICOLON
LBRACE
RBRACE
RBRACE
ELSE
LBRACE
SEMICOLON
RBRACE
RBRACE
RBRACE
ELSE
SEMICOLON
RETURN
INTLIT(0)
SEMICOLON
RBRACE
RETURN
ID(c)
STAR
ID(statsl)
LPAR
ID(args)
RPAR
SEMICOLON
RBRACE
RBRACE
